<?xml version="1.0" encoding="UTF-8"?>
<!-- Generated by org.testng.reporters.JUnitReportReporter -->
<testsuite hostname="192.168.1.7" failures="0" tests="6" name="com.employeeApi.testCases.TC_003_newEmployee" time="0.034" errors="0" timestamp="2022-12-30T17:45:56 IST" skipped="0">
  <testcase classname="com.employeeApi.testCases.TC_003_newEmployee" name="checkContentType" time="0.008"/>
  <system-out/>
  <testcase classname="com.employeeApi.testCases.TC_003_newEmployee" name="checkCookiesh" time="0.002"/>
  <system-out/>
  <testcase classname="com.employeeApi.testCases.TC_003_newEmployee" name="checkServerType" time="0.003"/>
  <system-out/>
  <testcase classname="com.employeeApi.testCases.TC_003_newEmployee" name="checkStatusLine" time="0.005"/>
  <system-out/>
  <testcase classname="com.employeeApi.testCases.TC_003_newEmployee" name="checkresponseTime" time="0.007"/>
  <system-out/>
  <testcase classname="com.employeeApi.testCases.TC_003_newEmployee" name="checkResponseBody" time="0.009"/>
  <system-out/>
</testsuite> <!-- com.employeeApi.testCases.TC_003_newEmployee -->
