<?xml version="1.0" encoding="UTF-8"?>
<!-- Generated by org.testng.reporters.JUnitReportReporter -->
<testsuite hostname="192.168.1.7" failures="0" tests="4" name="com.employeeApi.testCases.TC_005_DeleteEmp" time="0.014" errors="0" timestamp="2022-12-30T17:45:56 IST" skipped="0">
  <testcase classname="com.employeeApi.testCases.TC_005_DeleteEmp" name="checkServerType" time="0.003"/>
  <system-out/>
  <testcase classname="com.employeeApi.testCases.TC_005_DeleteEmp" name="checkStatusLine" time="0.003"/>
  <system-out/>
  <testcase classname="com.employeeApi.testCases.TC_005_DeleteEmp" name="checkContentType" time="0.004"/>
  <system-out/>
  <testcase classname="com.employeeApi.testCases.TC_005_DeleteEmp" name="checkResponseBody" time="0.004"/>
  <system-out/>
</testsuite> <!-- com.employeeApi.testCases.TC_005_DeleteEmp -->
