<?xml version="1.0" encoding="UTF-8"?>
<!-- Generated by org.testng.reporters.JUnitReportReporter -->
<testsuite hostname="192.168.1.7" failures="0" tests="7" name="com.employeeApi.testCases.TC_001_employeeApi" time="0.081" errors="0" timestamp="2022-12-30T17:45:56 IST" skipped="0">
  <testcase classname="com.employeeApi.testCases.TC_001_employeeApi" name="checkCookiesh" time="0.003"/>
  <system-out/>
  <testcase classname="com.employeeApi.testCases.TC_001_employeeApi" name="checkServerType" time="0.003"/>
  <system-out/>
  <testcase classname="com.employeeApi.testCases.TC_001_employeeApi" name="checkStatusLine" time="0.004"/>
  <system-out/>
  <testcase classname="com.employeeApi.testCases.TC_001_employeeApi" name="checkresponseTime" time="0.012"/>
  <system-out/>
  <testcase classname="com.employeeApi.testCases.TC_001_employeeApi" name="checkResponseBody" time="0.040"/>
  <system-out/>
  <testcase classname="com.employeeApi.testCases.TC_001_employeeApi" name="checkContentEncoding" time="0.013"/>
  <system-out/>
  <testcase classname="com.employeeApi.testCases.TC_001_employeeApi" name="checkContentType" time="0.006"/>
  <system-out/>
</testsuite> <!-- com.employeeApi.testCases.TC_001_employeeApi -->
